Using pre-set license
Built from '2022.3/staging' branch; Version is '2022.3.2f1 (d74737c6db50) revision 14108471'; Using compiler version '192829333'; Build Type 'Release'
OS: 'Windows 11  (10.0.22621) 64bit Professional' Language: 'en' Physical Memory: 16197 MB
BatchMode: 1, IsHumanControllingUs: 0, StartBugReporterOnCrash: 0, Is64bit: 1, IsPro: 1

COMMAND LINE ARGUMENTS:
C:\Program Files\Unity\Hub\Editor\2022.3.2f1\Editor\Unity.exe
-adb2
-batchMode
-noUpm
-name
AssetImportWorker3
-projectPath
C:/Users/vince/OneDrive/Desktop/Turn_Based_Color_Game
-logFile
Logs/AssetImportWorker3.log
-srvPort
51364
Successfully changed project path to: C:/Users/vince/OneDrive/Desktop/Turn_Based_Color_Game
C:/Users/vince/OneDrive/Desktop/Turn_Based_Color_Game
[UnityMemory] Configuration Parameters - Can be set up in boot.config
    "memorysetup-bucket-allocator-granularity=16"
    "memorysetup-bucket-allocator-bucket-count=8"
    "memorysetup-bucket-allocator-block-size=33554432"
    "memorysetup-bucket-allocator-block-count=8"
    "memorysetup-main-allocator-block-size=16777216"
    "memorysetup-thread-allocator-block-size=16777216"
    "memorysetup-gfx-main-allocator-block-size=16777216"
    "memorysetup-gfx-thread-allocator-block-size=16777216"
    "memorysetup-cache-allocator-block-size=4194304"
    "memorysetup-typetree-allocator-block-size=2097152"
    "memorysetup-profiler-bucket-allocator-granularity=16"
    "memorysetup-profiler-bucket-allocator-bucket-count=8"
    "memorysetup-profiler-bucket-allocator-block-size=33554432"
    "memorysetup-profiler-bucket-allocator-block-count=8"
    "memorysetup-profiler-allocator-block-size=16777216"
    "memorysetup-profiler-editor-allocator-block-size=1048576"
    "memorysetup-temp-allocator-size-main=16777216"
    "memorysetup-job-temp-allocator-block-size=2097152"
    "memorysetup-job-temp-allocator-block-size-background=1048576"
    "memorysetup-job-temp-allocator-reduction-small-platforms=262144"
    "memorysetup-allocator-temp-initial-block-size-main=262144"
    "memorysetup-allocator-temp-initial-block-size-worker=262144"
    "memorysetup-temp-allocator-size-background-worker=32768"
    "memorysetup-temp-allocator-size-job-worker=262144"
    "memorysetup-temp-allocator-size-preload-manager=33554432"
    "memorysetup-temp-allocator-size-nav-mesh-worker=65536"
    "memorysetup-temp-allocator-size-audio-worker=65536"
    "memorysetup-temp-allocator-size-cloud-worker=32768"
    "memorysetup-temp-allocator-size-gi-baking-worker=262144"
    "memorysetup-temp-allocator-size-gfx=262144"
Player connection [18156] Host "[IP] 10.0.0.77 [Port] 0 [Flags] 2 [Guid] 3984251148 [EditorId] 3984251148 [Version] 1048832 [Id] WindowsEditor(7,AtlRedRanger_ti) [Debug] 1 [PackageName] WindowsEditor [ProjectName] Editor" joined multi-casting on [225.0.0.222:54997]...

Player connection [18156] Host "[IP] 10.0.0.77 [Port] 0 [Flags] 2 [Guid] 3984251148 [EditorId] 3984251148 [Version] 1048832 [Id] WindowsEditor(7,AtlRedRanger_ti) [Debug] 1 [PackageName] WindowsEditor [ProjectName] Editor" joined alternative multi-casting on [225.0.0.222:34997]...

Refreshing native plugins compatible for Editor in 6.62 ms, found 2 plugins.
Preloading 0 native plugins for Editor in 0.00 ms.
Initialize engine version: 2022.3.2f1 (d74737c6db50)
[Subsystems] Discovering subsystems at path C:/Program Files/Unity/Hub/Editor/2022.3.2f1/Editor/Data/Resources/UnitySubsystems
[Subsystems] Discovering subsystems at path C:/Users/vince/OneDrive/Desktop/Turn_Based_Color_Game/Assets
GfxDevice: creating device client; threaded=0; jobified=0
Direct3D:
    Version:  Direct3D 11.0 [level 11.1]
    Renderer: NVIDIA GeForce RTX 3070 Ti (ID=0x2482)
    Vendor:   NVIDIA
    VRAM:     8031 MB
    Driver:   31.0.15.3699
Initialize mono
Mono path[0] = 'C:/Program Files/Unity/Hub/Editor/2022.3.2f1/Editor/Data/Managed'
Mono path[1] = 'C:/Program Files/Unity/Hub/Editor/2022.3.2f1/Editor/Data/MonoBleedingEdge/lib/mono/unityjit-win32'
Mono config path = 'C:/Program Files/Unity/Hub/Editor/2022.3.2f1/Editor/Data/MonoBleedingEdge/etc'
Using monoOptions --debugger-agent=transport=dt_socket,embedding=1,server=y,suspend=n,address=127.0.0.1:56152
Begin MonoManager ReloadAssembly
Registering precompiled unity dll's ...
Register platform support module: C:/Program Files/Unity/Hub/Editor/2022.3.2f1/Editor/Data/PlaybackEngines/WebGLSupport/UnityEditor.WebGL.Extensions.dll
Register platform support module: C:/Program Files/Unity/Hub/Editor/2022.3.2f1/Editor/Data/PlaybackEngines/WindowsStandaloneSupport/UnityEditor.WindowsStandalone.Extensions.dll
Registered in 0.003721 seconds.
- Loaded All Assemblies, in  0.192 seconds
Native extension for WindowsStandalone target not found
Native extension for WebGL target not found
Mono: successfully reloaded assembly
- Finished resetting the current domain, in  0.158 seconds
Domain Reload Profiling: 350ms
	BeginReloadAssembly (50ms)
		ExecutionOrderSort (0ms)
		DisableScriptedObjects (0ms)
		BackupInstance (0ms)
		ReleaseScriptingObjects (0ms)
		CreateAndSetChildDomain (0ms)
	RebuildCommonClasses (20ms)
	RebuildNativeTypeToScriptingClass (6ms)
	initialDomainReloadingComplete (33ms)
	LoadAllAssembliesAndSetupDomain (82ms)
		LoadAssemblies (49ms)
		RebuildTransferFunctionScriptingTraits (0ms)
		AnalyzeDomain (79ms)
			TypeCache.Refresh (79ms)
				TypeCache.ScanAssembly (72ms)
			ScanForSourceGeneratedMonoScriptInfo (0ms)
			ResolveRequiredComponents (0ms)
	FinalizeReload (159ms)
		ReleaseScriptCaches (0ms)
		RebuildScriptCaches (0ms)
		SetupLoadedEditorAssemblies (123ms)
			LogAssemblyErrors (0ms)
			InitializePlatformSupportModulesInManaged (6ms)
			SetLoadedEditorAssemblies (3ms)
			RefreshPlugins (0ms)
			BeforeProcessingInitializeOnLoad (1ms)
			ProcessInitializeOnLoadAttributes (81ms)
			ProcessInitializeOnLoadMethodAttributes (32ms)
			AfterProcessingInitializeOnLoad (0ms)
			EditorAssembliesLoaded (0ms)
		ExecutionOrderSort2 (0ms)
		AwakeInstancesAfterBackupRestoration (0ms)
========================================================================
Worker process is ready to serve import requests
Begin MonoManager ReloadAssembly
Symbol file LoadedFromMemory is not a mono symbol file
- Loaded All Assemblies, in  0.403 seconds
Refreshing native plugins compatible for Editor in 3.23 ms, found 2 plugins.
Native extension for WindowsStandalone target not found
Native extension for WebGL target not found
Mono: successfully reloaded assembly
- Finished resetting the current domain, in  0.337 seconds
Domain Reload Profiling: 739ms
	BeginReloadAssembly (77ms)
		ExecutionOrderSort (0ms)
		DisableScriptedObjects (3ms)
		BackupInstance (0ms)
		ReleaseScriptingObjects (0ms)
		CreateAndSetChildDomain (12ms)
	RebuildCommonClasses (20ms)
	RebuildNativeTypeToScriptingClass (7ms)
	initialDomainReloadingComplete (25ms)
	LoadAllAssembliesAndSetupDomain (272ms)
		LoadAssemblies (170ms)
		RebuildTransferFunctionScriptingTraits (0ms)
		AnalyzeDomain (140ms)
			TypeCache.Refresh (129ms)
				TypeCache.ScanAssembly (121ms)
			ScanForSourceGeneratedMonoScriptInfo (10ms)
			ResolveRequiredComponents (2ms)
	FinalizeReload (337ms)
		ReleaseScriptCaches (0ms)
		RebuildScriptCaches (0ms)
		SetupLoadedEditorAssemblies (253ms)
			LogAssemblyErrors (0ms)
			InitializePlatformSupportModulesInManaged (4ms)
			SetLoadedEditorAssemblies (2ms)
			RefreshPlugins (0ms)
			BeforeProcessingInitializeOnLoad (33ms)
			ProcessInitializeOnLoadAttributes (138ms)
			ProcessInitializeOnLoadMethodAttributes (73ms)
			AfterProcessingInitializeOnLoad (2ms)
			EditorAssembliesLoaded (0ms)
		ExecutionOrderSort2 (0ms)
		AwakeInstancesAfterBackupRestoration (4ms)
Launched and connected shader compiler UnityShaderCompiler.exe after 0.02 seconds
Refreshing native plugins compatible for Editor in 3.78 ms, found 2 plugins.
Preloading 0 native plugins for Editor in 0.00 ms.
Unloading 2440 Unused Serialized files (Serialized files now loaded: 0)
Unloading 61 unused Assets / (68.2 KB). Loaded Objects now: 2885.
Memory consumption went from 106.6 MB to 106.5 MB.
Total: 6.586200 ms (FindLiveObjects: 0.144500 ms CreateObjectMapping: 0.084700 ms MarkObjects: 6.205400 ms  DeleteObjects: 0.150800 ms)

AssetImportParameters requested are different than current active one (requested -> active):
  custom:video-decoder-webm-vp8: 9c59270c3fd7afecdb556c50c9e8de78 -> 
  custom:container-demuxer-ogg: 62fdf1f143b41e24485cea50d1cbac27 -> 
  custom:AudioImporter_EditorPlatform: d09bf68614088b80899f8185d706f6e7 -> 
  custom:video-codec-MediaFoundation-h265: 746d11721c4dcdbdad8f713fa42b33f4 -> 
  custom:video-decoder-ogg-theora: a1e56fd34408186e4bbccfd4996cb3dc -> 
  custom:framework-win-MediaFoundation: 216162199b28c13a410421893ffa2e32 -> 
  custom:video-encoder-webm-vp8: eb34c28f22e8b96e1ab97ce403110664 -> 
  custom:audio-decoder-ogg-vorbis: bf7c407c2cedff20999df2af8eb42d56 -> 
  custom:container-demuxer-webm: 4f35f7cbe854078d1ac9338744f61a02 -> 
  custom:audio-encoder-webm-vorbis: bf7c407c2cedff20999df2af8eb42d56 -> 
  custom:container-muxer-webm: aa71ff27fc2769a1b78a27578f13a17b -> 
========================================================================
Received Import Request.
  Time since last request: 9631.452227 seconds.
  path: Assets/Animations/Bubble/Blob_00016.png
  artifactKey: Guid(4df4cb763f58c3f4198276aa5d4e456d) Importer(815301076,1909f56bfc062723c751e8b465ee728b)
Start importing Assets/Animations/Bubble/Blob_00016.png using Guid(4df4cb763f58c3f4198276aa5d4e456d) Importer(815301076,1909f56bfc062723c751e8b465ee728b)  -> (artifact id: 'c29c2255e46d6f03679bf6f9fd41f952') in 0.096785 seconds
Number of updated asset objects reloaded before import = 0
Number of asset objects unloaded after import = 3
========================================================================
Received Import Request.
  Time since last request: 0.000019 seconds.
  path: Assets/Animations/Bubble/Blob_00036.png
  artifactKey: Guid(47df2ebdb04ec47499b85086a58ce185) Importer(815301076,1909f56bfc062723c751e8b465ee728b)
Start importing Assets/Animations/Bubble/Blob_00036.png using Guid(47df2ebdb04ec47499b85086a58ce185) Importer(815301076,1909f56bfc062723c751e8b465ee728b)  -> (artifact id: '62e2b5ba3931b24b66e0bd3072f4dc15') in 0.019604 seconds
Number of updated asset objects reloaded before import = 0
Number of asset objects unloaded after import = 3
========================================================================
Received Import Request.
  Time since last request: 0.000020 seconds.
  path: Assets/Animations/Bubble/Blob_00052.png
  artifactKey: Guid(13bac789bffaaf14f94ad909d8408b54) Importer(815301076,1909f56bfc062723c751e8b465ee728b)
Start importing Assets/Animations/Bubble/Blob_00052.png using Guid(13bac789bffaaf14f94ad909d8408b54) Importer(815301076,1909f56bfc062723c751e8b465ee728b)  -> (artifact id: '87cc288e1f436ea7e3a464c5d4af7b5b') in 0.013722 seconds
Number of updated asset objects reloaded before import = 0
Number of asset objects unloaded after import = 3
========================================================================
Received Import Request.
  Time since last request: 0.000012 seconds.
  path: Assets/Animations/Bubble/Blob_00028.png
  artifactKey: Guid(e3d72457c7c87aa4eb9c53da24f63371) Importer(815301076,1909f56bfc062723c751e8b465ee728b)
Start importing Assets/Animations/Bubble/Blob_00028.png using Guid(e3d72457c7c87aa4eb9c53da24f63371) Importer(815301076,1909f56bfc062723c751e8b465ee728b)  -> (artifact id: '315db40fcea5f435b2fbcc9ed1728e82') in 0.016256 seconds
Number of updated asset objects reloaded before import = 0
Number of asset objects unloaded after import = 3
========================================================================
Received Import Request.
  Time since last request: 0.000014 seconds.
  path: Assets/Animations/Bubble/Blob_00027.png
  artifactKey: Guid(9a24c13b44803c744be501a1798cb66b) Importer(815301076,1909f56bfc062723c751e8b465ee728b)
Start importing Assets/Animations/Bubble/Blob_00027.png using Guid(9a24c13b44803c744be501a1798cb66b) Importer(815301076,1909f56bfc062723c751e8b465ee728b)  -> (artifact id: '3b77e23cae8d4cce5366aab928f55299') in 0.016129 seconds
Number of updated asset objects reloaded before import = 0
Number of asset objects unloaded after import = 3
========================================================================
Received Import Request.
  Time since last request: 0.000093 seconds.
  path: Assets/Animations/Bubble/Blob_00039.png
  artifactKey: Guid(ce1d1b6ef03299d4d808bb188b563e9b) Importer(815301076,1909f56bfc062723c751e8b465ee728b)
Start importing Assets/Animations/Bubble/Blob_00039.png using Guid(ce1d1b6ef03299d4d808bb188b563e9b) Importer(815301076,1909f56bfc062723c751e8b465ee728b)  -> (artifact id: '7a9803ba6da079f790f33347eea610a7') in 0.018406 seconds
Number of updated asset objects reloaded before import = 0
Number of asset objects unloaded after import = 3
========================================================================
Received Import Request.
  Time since last request: 0.000014 seconds.
  path: Assets/Animations/Bubble/Blob_00034.png
  artifactKey: Guid(61ee1d6608aeb9d4786626bd0ebe7d20) Importer(815301076,1909f56bfc062723c751e8b465ee728b)
Start importing Assets/Animations/Bubble/Blob_00034.png using Guid(61ee1d6608aeb9d4786626bd0ebe7d20) Importer(815301076,1909f56bfc062723c751e8b465ee728b)  -> (artifact id: '8e594946df367fbfeeb488d02922c828') in 0.014886 seconds
Number of updated asset objects reloaded before import = 0
Number of asset objects unloaded after import = 3
========================================================================
Received Import Request.
  Time since last request: 0.000012 seconds.
  path: Assets/Animations/Bubble/Blob_00026.png
  artifactKey: Guid(b3ed0a07ae329044b960302884ac4100) Importer(815301076,1909f56bfc062723c751e8b465ee728b)
Start importing Assets/Animations/Bubble/Blob_00026.png using Guid(b3ed0a07ae329044b960302884ac4100) Importer(815301076,1909f56bfc062723c751e8b465ee728b)  -> (artifact id: 'd47ba681bf23fb110bb265832e6a230c') in 0.016252 seconds
Number of updated asset objects reloaded before import = 0
Number of asset objects unloaded after import = 3
========================================================================
Received Import Request.
  Time since last request: 0.000016 seconds.
  path: Assets/Animations/Bubble/Blob_00033.png
  artifactKey: Guid(9b7c11da8d692e940a2f9271e0fc8aae) Importer(815301076,1909f56bfc062723c751e8b465ee728b)
Start importing Assets/Animations/Bubble/Blob_00033.png using Guid(9b7c11da8d692e940a2f9271e0fc8aae) Importer(815301076,1909f56bfc062723c751e8b465ee728b)  -> (artifact id: '9e881a4ee376b8746683e8841be99ae7') in 0.017343 seconds
Number of updated asset objects reloaded before import = 0
Number of asset objects unloaded after import = 3
========================================================================
Received Import Request.
  Time since last request: 0.000021 seconds.
  path: Assets/Animations/Bubble/Blob_00053.png
  artifactKey: Guid(55f41a91ec9cb944da9a42eb84cce189) Importer(815301076,1909f56bfc062723c751e8b465ee728b)
Start importing Assets/Animations/Bubble/Blob_00053.png using Guid(55f41a91ec9cb944da9a42eb84cce189) Importer(815301076,1909f56bfc062723c751e8b465ee728b)  -> (artifact id: '0420f792d8265e4328a6e7b71637280a') in 0.013293 seconds
Number of updated asset objects reloaded before import = 0
Number of asset objects unloaded after import = 3
========================================================================
Received Import Request.
  Time since last request: 0.000014 seconds.
  path: Assets/Animations/Bubble/Blob_00059.png
  artifactKey: Guid(015ab5d8baf2ed249af78bc4f625797c) Importer(815301076,1909f56bfc062723c751e8b465ee728b)
Start importing Assets/Animations/Bubble/Blob_00059.png using Guid(015ab5d8baf2ed249af78bc4f625797c) Importer(815301076,1909f56bfc062723c751e8b465ee728b)  -> (artifact id: 'e5f267a166518c96fda439da1604de76') in 0.018562 seconds
Number of updated asset objects reloaded before import = 0
Number of asset objects unloaded after import = 3
========================================================================
Received Import Request.
  Time since last request: 0.000024 seconds.
  path: Assets/Animations/Bubble/Blob_00024.png
  artifactKey: Guid(281002f130f175d458fd1c2c536f6dfc) Importer(815301076,1909f56bfc062723c751e8b465ee728b)
Start importing Assets/Animations/Bubble/Blob_00024.png using Guid(281002f130f175d458fd1c2c536f6dfc) Importer(815301076,1909f56bfc062723c751e8b465ee728b)  -> (artifact id: '405c6564d95eb0c9a43a879bd51c30cf') in 0.009888 seconds
Number of updated asset objects reloaded before import = 0
Number of asset objects unloaded after import = 3
========================================================================
Received Import Request.
  Time since last request: 0.000017 seconds.
  path: Assets/Animations/Bubble/Blob_00020.png
  artifactKey: Guid(0a18b5e8d6efce64888e63f73e5a44c4) Importer(815301076,1909f56bfc062723c751e8b465ee728b)
Start importing Assets/Animations/Bubble/Blob_00020.png using Guid(0a18b5e8d6efce64888e63f73e5a44c4) Importer(815301076,1909f56bfc062723c751e8b465ee728b)  -> (artifact id: 'bbc31862e735ac324fc639a9da66560e') in 0.009907 seconds
Number of updated asset objects reloaded before import = 0
Number of asset objects unloaded after import = 3
========================================================================
Received Import Request.
  Time since last request: 0.000016 seconds.
  path: Assets/Animations/Bubble/Blob_00029.png
  artifactKey: Guid(69774b0364303014c9bc6a95990ef22f) Importer(815301076,1909f56bfc062723c751e8b465ee728b)
Start importing Assets/Animations/Bubble/Blob_00029.png using Guid(69774b0364303014c9bc6a95990ef22f) Importer(815301076,1909f56bfc062723c751e8b465ee728b)  -> (artifact id: '0925de6b3c0472fe57b978c90539ff87') in 0.010538 seconds
Number of updated asset objects reloaded before import = 0
Number of asset objects unloaded after import = 3
========================================================================
Received Import Request.
  Time since last request: 0.000016 seconds.
  path: Assets/Animations/Bubble/Blob_00044.png
  artifactKey: Guid(3e5e237363efe574eb3ec23685ef30d0) Importer(815301076,1909f56bfc062723c751e8b465ee728b)
Start importing Assets/Animations/Bubble/Blob_00044.png using Guid(3e5e237363efe574eb3ec23685ef30d0) Importer(815301076,1909f56bfc062723c751e8b465ee728b)  -> (artifact id: 'c5d02b04204f6b3f94d0acc4979ae300') in 0.011130 seconds
Number of updated asset objects reloaded before import = 0
Number of asset objects unloaded after import = 3
========================================================================
Received Import Request.
  Time since last request: 0.000016 seconds.
  path: Assets/Animations/Bubble/Blob_00019.png
  artifactKey: Guid(e0e361aeabd4fff468ba82eec12c5bbe) Importer(815301076,1909f56bfc062723c751e8b465ee728b)
Start importing Assets/Animations/Bubble/Blob_00019.png using Guid(e0e361aeabd4fff468ba82eec12c5bbe) Importer(815301076,1909f56bfc062723c751e8b465ee728b)  -> (artifact id: '7d12e294c0c6ae28c81a2da2f3847605') in 0.011446 seconds
Number of updated asset objects reloaded before import = 0
Number of asset objects unloaded after import = 3
========================================================================
Received Import Request.
  Time since last request: 0.000025 seconds.
  path: Assets/Animations/Bubble/Blob_00035.png
  artifactKey: Guid(accbb54d8b9531348a1e468df16abf50) Importer(815301076,1909f56bfc062723c751e8b465ee728b)
Start importing Assets/Animations/Bubble/Blob_00035.png using Guid(accbb54d8b9531348a1e468df16abf50) Importer(815301076,1909f56bfc062723c751e8b465ee728b)  -> (artifact id: '2d097e722fde2073ed7d19c436b2c91e') in 0.009109 seconds
Number of updated asset objects reloaded before import = 0
Number of asset objects unloaded after import = 3
========================================================================
Received Import Request.
  Time since last request: 0.000013 seconds.
  path: Assets/Animations/Bubble/Blob_00037.png
  artifactKey: Guid(710e4e4d6397b1e45bccdf0f63d05749) Importer(815301076,1909f56bfc062723c751e8b465ee728b)
Start importing Assets/Animations/Bubble/Blob_00037.png using Guid(710e4e4d6397b1e45bccdf0f63d05749) Importer(815301076,1909f56bfc062723c751e8b465ee728b)  -> (artifact id: 'b1beac53d61ec1d9f703f56fb42b7d35') in 0.010225 seconds
Number of updated asset objects reloaded before import = 0
Number of asset objects unloaded after import = 3
========================================================================
Received Import Request.
  Time since last request: 0.000022 seconds.
  path: Assets/Animations/Bubble/Blob_00045.png
  artifactKey: Guid(1ffdcabe37116234b99415c7426d89ff) Importer(815301076,1909f56bfc062723c751e8b465ee728b)
Start importing Assets/Animations/Bubble/Blob_00045.png using Guid(1ffdcabe37116234b99415c7426d89ff) Importer(815301076,1909f56bfc062723c751e8b465ee728b)  -> (artifact id: '1ac0355762bd87788f8607706f39e3c5') in 0.010655 seconds
Number of updated asset objects reloaded before import = 0
Number of asset objects unloaded after import = 3
========================================================================
Received Import Request.
  Time since last request: 0.000011 seconds.
  path: Assets/Animations/Bubble/Blob_00023.png
  artifactKey: Guid(47a17f695625e7341a0a5547ab4994fa) Importer(815301076,1909f56bfc062723c751e8b465ee728b)
Start importing Assets/Animations/Bubble/Blob_00023.png using Guid(47a17f695625e7341a0a5547ab4994fa) Importer(815301076,1909f56bfc062723c751e8b465ee728b)  -> (artifact id: 'fbb71de91ac6551efa505bc80495af24') in 0.010738 seconds
Number of updated asset objects reloaded before import = 0
Number of asset objects unloaded after import = 3
========================================================================
Received Import Request.
  Time since last request: 0.000014 seconds.
  path: Assets/Animations/Bubble/Blob_00042.png
  artifactKey: Guid(7ef21e20c9b7c60479730c6e9d309229) Importer(815301076,1909f56bfc062723c751e8b465ee728b)
Start importing Assets/Animations/Bubble/Blob_00042.png using Guid(7ef21e20c9b7c60479730c6e9d309229) Importer(815301076,1909f56bfc062723c751e8b465ee728b)  -> (artifact id: 'f2b976f46da50619712ab611c585c903') in 0.010956 seconds
Number of updated asset objects reloaded before import = 0
Number of asset objects unloaded after import = 3
========================================================================
Received Import Request.
  Time since last request: 1.296906 seconds.
  path: Assets/Animations/Bubble/Blob_00002.png
  artifactKey: Guid(2610722bb67fdf94499ebd7750629b56) Importer(815301076,1909f56bfc062723c751e8b465ee728b)
Start importing Assets/Animations/Bubble/Blob_00002.png using Guid(2610722bb67fdf94499ebd7750629b56) Importer(815301076,1909f56bfc062723c751e8b465ee728b)  -> (artifact id: 'f5c331b9377dbbdc6f8667f48af76701') in 0.015428 seconds
Number of updated asset objects reloaded before import = 0
Number of asset objects unloaded after import = 3
========================================================================
Received Import Request.
  Time since last request: 0.000051 seconds.
  path: Assets/Animations/Bubble/Blob_00010.png
  artifactKey: Guid(d92a386abee4089479fe98d9fe12ebba) Importer(815301076,1909f56bfc062723c751e8b465ee728b)
Start importing Assets/Animations/Bubble/Blob_00010.png using Guid(d92a386abee4089479fe98d9fe12ebba) Importer(815301076,1909f56bfc062723c751e8b465ee728b)  -> (artifact id: '66436a692ed4598a40c6aa7ce128bb73') in 0.013711 seconds
Number of updated asset objects reloaded before import = 0
Number of asset objects unloaded after import = 3
========================================================================
Received Import Request.
  Time since last request: 0.000017 seconds.
  path: Assets/Animations/Bubble/Blob_00005.png
  artifactKey: Guid(4e60137cb08c849458d735a0fa2dc29f) Importer(815301076,1909f56bfc062723c751e8b465ee728b)
Start importing Assets/Animations/Bubble/Blob_00005.png using Guid(4e60137cb08c849458d735a0fa2dc29f) Importer(815301076,1909f56bfc062723c751e8b465ee728b)  -> (artifact id: '702e2894090543af0e54dc7ff61babd6') in 0.013715 seconds
Number of updated asset objects reloaded before import = 0
Number of asset objects unloaded after import = 3
========================================================================
Received Import Request.
  Time since last request: 0.000013 seconds.
  path: Assets/Animations/Bubble/Blob_00009.png
  artifactKey: Guid(0cfd5f19d70a1904480d9d58922ea312) Importer(815301076,1909f56bfc062723c751e8b465ee728b)
Start importing Assets/Animations/Bubble/Blob_00009.png using Guid(0cfd5f19d70a1904480d9d58922ea312) Importer(815301076,1909f56bfc062723c751e8b465ee728b)  -> (artifact id: '235b60937084bee4ec7cb6a01a6ea312') in 0.010208 seconds
Number of updated asset objects reloaded before import = 0
Number of asset objects unloaded after import = 3
========================================================================
Received Import Request.
  Time since last request: 0.000014 seconds.
  path: Assets/Animations/Bubble/Blob_00007.png
  artifactKey: Guid(03adb6b863d9ae44983a05b843e76877) Importer(815301076,1909f56bfc062723c751e8b465ee728b)
Start importing Assets/Animations/Bubble/Blob_00007.png using Guid(03adb6b863d9ae44983a05b843e76877) Importer(815301076,1909f56bfc062723c751e8b465ee728b)  -> (artifact id: 'a3dec9fef1837ce7a8bdc5857b2e6b71') in 0.012742 seconds
Number of updated asset objects reloaded before import = 0
Number of asset objects unloaded after import = 3
========================================================================
Received Import Request.
  Time since last request: 0.000017 seconds.
  path: Assets/Animations/Bubble/Blob_00013.png
  artifactKey: Guid(2e6b8306e50a64245bd8545cfee64bc7) Importer(815301076,1909f56bfc062723c751e8b465ee728b)
Start importing Assets/Animations/Bubble/Blob_00013.png using Guid(2e6b8306e50a64245bd8545cfee64bc7) Importer(815301076,1909f56bfc062723c751e8b465ee728b)  -> (artifact id: 'b05c798a12325b925f42ee3528a2eee1') in 0.010691 seconds
Number of updated asset objects reloaded before import = 0
Number of asset objects unloaded after import = 3
========================================================================
Received Import Request.
  Time since last request: 0.000014 seconds.
  path: Assets/Animations/Bubble/Blob_00008.png
  artifactKey: Guid(f65c1a038ff728d4b88c314c909fafa1) Importer(815301076,1909f56bfc062723c751e8b465ee728b)
Start importing Assets/Animations/Bubble/Blob_00008.png using Guid(f65c1a038ff728d4b88c314c909fafa1) Importer(815301076,1909f56bfc062723c751e8b465ee728b)  -> (artifact id: 'bed7626e4555b04e68b82deb459a342a') in 0.010152 seconds
Number of updated asset objects reloaded before import = 0
Number of asset objects unloaded after import = 3
========================================================================
Received Prepare
Begin MonoManager ReloadAssembly
Symbol file LoadedFromMemory is not a mono symbol file
- Loaded All Assemblies, in  0.486 seconds
Refreshing native plugins compatible for Editor in 3.20 ms, found 2 plugins.
Native extension for WindowsStandalone target not found
Native extension for WebGL target not found
Mono: successfully reloaded assembly
- Finished resetting the current domain, in  0.501 seconds
Domain Reload Profiling: 986ms
	BeginReloadAssembly (173ms)
		ExecutionOrderSort (0ms)
		DisableScriptedObjects (4ms)
		BackupInstance (0ms)
		ReleaseScriptingObjects (0ms)
		CreateAndSetChildDomain (29ms)
	RebuildCommonClasses (20ms)
	RebuildNativeTypeToScriptingClass (7ms)
	initialDomainReloadingComplete (19ms)
	LoadAllAssembliesAndSetupDomain (266ms)
		LoadAssemblies (175ms)
		RebuildTransferFunctionScriptingTraits (0ms)
		AnalyzeDomain (126ms)
			TypeCache.Refresh (124ms)
				TypeCache.ScanAssembly (116ms)
			ScanForSourceGeneratedMonoScriptInfo (0ms)
			ResolveRequiredComponents (2ms)
	FinalizeReload (501ms)
		ReleaseScriptCaches (0ms)
		RebuildScriptCaches (0ms)
		SetupLoadedEditorAssemblies (322ms)
			LogAssemblyErrors (0ms)
			InitializePlatformSupportModulesInManaged (5ms)
			SetLoadedEditorAssemblies (2ms)
			RefreshPlugins (0ms)
			BeforeProcessingInitializeOnLoad (40ms)
			ProcessInitializeOnLoadAttributes (180ms)
			ProcessInitializeOnLoadMethodAttributes (90ms)
			AfterProcessingInitializeOnLoad (4ms)
			EditorAssembliesLoaded (0ms)
		ExecutionOrderSort2 (0ms)
		AwakeInstancesAfterBackupRestoration (6ms)
Refreshing native plugins compatible for Editor in 3.66 ms, found 2 plugins.
Preloading 0 native plugins for Editor in 0.00 ms.
Unloading 2420 Unused Serialized files (Serialized files now loaded: 0)
Unloading 52 unused Assets / (42.5 KB). Loaded Objects now: 2894.
Memory consumption went from 106.4 MB to 106.3 MB.
Total: 4.418200 ms (FindLiveObjects: 0.143500 ms CreateObjectMapping: 0.063600 ms MarkObjects: 4.146100 ms  DeleteObjects: 0.064300 ms)

Prepare: number of updated asset objects reloaded= 0
AssetImportParameters requested are different than current active one (requested -> active):
  custom:video-decoder-webm-vp8: 9c59270c3fd7afecdb556c50c9e8de78 -> 
  custom:container-demuxer-ogg: 62fdf1f143b41e24485cea50d1cbac27 -> 
  custom:AudioImporter_EditorPlatform: d09bf68614088b80899f8185d706f6e7 -> 
  custom:video-codec-MediaFoundation-h265: 746d11721c4dcdbdad8f713fa42b33f4 -> 
  custom:video-decoder-ogg-theora: a1e56fd34408186e4bbccfd4996cb3dc -> 
  custom:framework-win-MediaFoundation: 216162199b28c13a410421893ffa2e32 -> 
  custom:video-encoder-webm-vp8: eb34c28f22e8b96e1ab97ce403110664 -> 
  custom:audio-decoder-ogg-vorbis: bf7c407c2cedff20999df2af8eb42d56 -> 
  custom:container-demuxer-webm: 4f35f7cbe854078d1ac9338744f61a02 -> 
  custom:audio-encoder-webm-vorbis: bf7c407c2cedff20999df2af8eb42d56 -> 
  custom:container-muxer-webm: aa71ff27fc2769a1b78a27578f13a17b -> 
========================================================================
Received Prepare
Begin MonoManager ReloadAssembly
Symbol file LoadedFromMemory is not a mono symbol file
- Loaded All Assemblies, in  0.445 seconds
Refreshing native plugins compatible for Editor in 3.34 ms, found 2 plugins.
Native extension for WindowsStandalone target not found
Native extension for WebGL target not found
Mono: successfully reloaded assembly
- Finished resetting the current domain, in  0.457 seconds
Domain Reload Profiling: 901ms
	BeginReloadAssembly (163ms)
		ExecutionOrderSort (0ms)
		DisableScriptedObjects (4ms)
		BackupInstance (0ms)
		ReleaseScriptingObjects (0ms)
		CreateAndSetChildDomain (24ms)
	RebuildCommonClasses (20ms)
	RebuildNativeTypeToScriptingClass (7ms)
	initialDomainReloadingComplete (17ms)
	LoadAllAssembliesAndSetupDomain (237ms)
		LoadAssemblies (149ms)
		RebuildTransferFunctionScriptingTraits (0ms)
		AnalyzeDomain (123ms)
			TypeCache.Refresh (121ms)
				TypeCache.ScanAssembly (114ms)
			ScanForSourceGeneratedMonoScriptInfo (0ms)
			ResolveRequiredComponents (2ms)
	FinalizeReload (457ms)
		ReleaseScriptCaches (0ms)
		RebuildScriptCaches (0ms)
		SetupLoadedEditorAssemblies (285ms)
			LogAssemblyErrors (0ms)
			InitializePlatformSupportModulesInManaged (4ms)
			SetLoadedEditorAssemblies (2ms)
			RefreshPlugins (0ms)
			BeforeProcessingInitializeOnLoad (33ms)
			ProcessInitializeOnLoadAttributes (154ms)
			ProcessInitializeOnLoadMethodAttributes (89ms)
			AfterProcessingInitializeOnLoad (3ms)
			EditorAssembliesLoaded (0ms)
		ExecutionOrderSort2 (0ms)
		AwakeInstancesAfterBackupRestoration (4ms)
Refreshing native plugins compatible for Editor in 4.27 ms, found 2 plugins.
Preloading 0 native plugins for Editor in 0.00 ms.
Unloading 2421 Unused Serialized files (Serialized files now loaded: 0)
Unloading 52 unused Assets / (42.6 KB). Loaded Objects now: 2897.
Memory consumption went from 106.6 MB to 106.6 MB.
Total: 4.151100 ms (FindLiveObjects: 0.133600 ms CreateObjectMapping: 0.055500 ms MarkObjects: 3.914900 ms  DeleteObjects: 0.046700 ms)

Prepare: number of updated asset objects reloaded= 0
AssetImportParameters requested are different than current active one (requested -> active):
  custom:video-decoder-webm-vp8: 9c59270c3fd7afecdb556c50c9e8de78 -> 
  custom:container-demuxer-ogg: 62fdf1f143b41e24485cea50d1cbac27 -> 
  custom:AudioImporter_EditorPlatform: d09bf68614088b80899f8185d706f6e7 -> 
  custom:video-codec-MediaFoundation-h265: 746d11721c4dcdbdad8f713fa42b33f4 -> 
  custom:video-decoder-ogg-theora: a1e56fd34408186e4bbccfd4996cb3dc -> 
  custom:framework-win-MediaFoundation: 216162199b28c13a410421893ffa2e32 -> 
  custom:video-encoder-webm-vp8: eb34c28f22e8b96e1ab97ce403110664 -> 
  custom:audio-decoder-ogg-vorbis: bf7c407c2cedff20999df2af8eb42d56 -> 
  custom:container-demuxer-webm: 4f35f7cbe854078d1ac9338744f61a02 -> 
  custom:audio-encoder-webm-vorbis: bf7c407c2cedff20999df2af8eb42d56 -> 
  custom:container-muxer-webm: aa71ff27fc2769a1b78a27578f13a17b -> 
========================================================================
Received Prepare
Begin MonoManager ReloadAssembly
Symbol file LoadedFromMemory is not a mono symbol file
- Loaded All Assemblies, in  0.448 seconds
Refreshing native plugins compatible for Editor in 3.32 ms, found 2 plugins.
Native extension for WindowsStandalone target not found
Native extension for WebGL target not found
Mono: successfully reloaded assembly
- Finished resetting the current domain, in  0.447 seconds
Domain Reload Profiling: 895ms
	BeginReloadAssembly (164ms)
		ExecutionOrderSort (0ms)
		DisableScriptedObjects (4ms)
		BackupInstance (0ms)
		ReleaseScriptingObjects (0ms)
		CreateAndSetChildDomain (22ms)
	RebuildCommonClasses (19ms)
	RebuildNativeTypeToScriptingClass (7ms)
	initialDomainReloadingComplete (17ms)
	LoadAllAssembliesAndSetupDomain (241ms)
		LoadAssemblies (154ms)
		RebuildTransferFunctionScriptingTraits (0ms)
		AnalyzeDomain (123ms)
			TypeCache.Refresh (121ms)
				TypeCache.ScanAssembly (113ms)
			ScanForSourceGeneratedMonoScriptInfo (0ms)
			ResolveRequiredComponents (2ms)
	FinalizeReload (448ms)
		ReleaseScriptCaches (0ms)
		RebuildScriptCaches (0ms)
		SetupLoadedEditorAssemblies (268ms)
			LogAssemblyErrors (0ms)
			InitializePlatformSupportModulesInManaged (4ms)
			SetLoadedEditorAssemblies (2ms)
			RefreshPlugins (0ms)
			BeforeProcessingInitializeOnLoad (33ms)
			ProcessInitializeOnLoadAttributes (137ms)
			ProcessInitializeOnLoadMethodAttributes (89ms)
			AfterProcessingInitializeOnLoad (3ms)
			EditorAssembliesLoaded (0ms)
		ExecutionOrderSort2 (0ms)
		AwakeInstancesAfterBackupRestoration (5ms)
Refreshing native plugins compatible for Editor in 3.63 ms, found 2 plugins.
Preloading 0 native plugins for Editor in 0.00 ms.
Unloading 2421 Unused Serialized files (Serialized files now loaded: 0)
Unloading 52 unused Assets / (42.7 KB). Loaded Objects now: 2900.
Memory consumption went from 106.6 MB to 106.6 MB.
Total: 4.401100 ms (FindLiveObjects: 0.131800 ms CreateObjectMapping: 0.050500 ms MarkObjects: 4.166400 ms  DeleteObjects: 0.051600 ms)

Prepare: number of updated asset objects reloaded= 0
AssetImportParameters requested are different than current active one (requested -> active):
  custom:video-decoder-webm-vp8: 9c59270c3fd7afecdb556c50c9e8de78 -> 
  custom:container-demuxer-ogg: 62fdf1f143b41e24485cea50d1cbac27 -> 
  custom:AudioImporter_EditorPlatform: d09bf68614088b80899f8185d706f6e7 -> 
  custom:video-codec-MediaFoundation-h265: 746d11721c4dcdbdad8f713fa42b33f4 -> 
  custom:video-decoder-ogg-theora: a1e56fd34408186e4bbccfd4996cb3dc -> 
  custom:framework-win-MediaFoundation: 216162199b28c13a410421893ffa2e32 -> 
  custom:video-encoder-webm-vp8: eb34c28f22e8b96e1ab97ce403110664 -> 
  custom:audio-decoder-ogg-vorbis: bf7c407c2cedff20999df2af8eb42d56 -> 
  custom:container-demuxer-webm: 4f35f7cbe854078d1ac9338744f61a02 -> 
  custom:audio-encoder-webm-vorbis: bf7c407c2cedff20999df2af8eb42d56 -> 
  custom:container-muxer-webm: aa71ff27fc2769a1b78a27578f13a17b -> 
========================================================================
Received Prepare
Begin MonoManager ReloadAssembly
Symbol file LoadedFromMemory is not a mono symbol file
- Loaded All Assemblies, in  0.476 seconds
Refreshing native plugins compatible for Editor in 3.27 ms, found 2 plugins.
Native extension for WindowsStandalone target not found
Native extension for WebGL target not found
Mono: successfully reloaded assembly
- Finished resetting the current domain, in  0.487 seconds
Domain Reload Profiling: 963ms
	BeginReloadAssembly (177ms)
		ExecutionOrderSort (0ms)
		DisableScriptedObjects (4ms)
		BackupInstance (0ms)
		ReleaseScriptingObjects (0ms)
		CreateAndSetChildDomain (27ms)
	RebuildCommonClasses (20ms)
	RebuildNativeTypeToScriptingClass (7ms)
	initialDomainReloadingComplete (19ms)
	LoadAllAssembliesAndSetupDomain (253ms)
		LoadAssemblies (159ms)
		RebuildTransferFunctionScriptingTraits (0ms)
		AnalyzeDomain (131ms)
			TypeCache.Refresh (129ms)
				TypeCache.ScanAssembly (121ms)
			ScanForSourceGeneratedMonoScriptInfo (0ms)
			ResolveRequiredComponents (2ms)
	FinalizeReload (487ms)
		ReleaseScriptCaches (0ms)
		RebuildScriptCaches (0ms)
		SetupLoadedEditorAssemblies (309ms)
			LogAssemblyErrors (0ms)
			InitializePlatformSupportModulesInManaged (4ms)
			SetLoadedEditorAssemblies (2ms)
			RefreshPlugins (0ms)
			BeforeProcessingInitializeOnLoad (36ms)
			ProcessInitializeOnLoadAttributes (170ms)
			ProcessInitializeOnLoadMethodAttributes (94ms)
			AfterProcessingInitializeOnLoad (3ms)
			EditorAssembliesLoaded (0ms)
		ExecutionOrderSort2 (0ms)
		AwakeInstancesAfterBackupRestoration (6ms)
Refreshing native plugins compatible for Editor in 4.74 ms, found 2 plugins.
Preloading 0 native plugins for Editor in 0.00 ms.
Unloading 2421 Unused Serialized files (Serialized files now loaded: 0)
Unloading 52 unused Assets / (42.8 KB). Loaded Objects now: 2903.
Memory consumption went from 106.6 MB to 106.6 MB.
Total: 4.547300 ms (FindLiveObjects: 0.137400 ms CreateObjectMapping: 0.043800 ms MarkObjects: 4.315500 ms  DeleteObjects: 0.050000 ms)

Prepare: number of updated asset objects reloaded= 0
AssetImportParameters requested are different than current active one (requested -> active):
  custom:video-decoder-webm-vp8: 9c59270c3fd7afecdb556c50c9e8de78 -> 
  custom:container-demuxer-ogg: 62fdf1f143b41e24485cea50d1cbac27 -> 
  custom:AudioImporter_EditorPlatform: d09bf68614088b80899f8185d706f6e7 -> 
  custom:video-codec-MediaFoundation-h265: 746d11721c4dcdbdad8f713fa42b33f4 -> 
  custom:video-decoder-ogg-theora: a1e56fd34408186e4bbccfd4996cb3dc -> 
  custom:framework-win-MediaFoundation: 216162199b28c13a410421893ffa2e32 -> 
  custom:video-encoder-webm-vp8: eb34c28f22e8b96e1ab97ce403110664 -> 
  custom:audio-decoder-ogg-vorbis: bf7c407c2cedff20999df2af8eb42d56 -> 
  custom:container-demuxer-webm: 4f35f7cbe854078d1ac9338744f61a02 -> 
  custom:audio-encoder-webm-vorbis: bf7c407c2cedff20999df2af8eb42d56 -> 
  custom:container-muxer-webm: aa71ff27fc2769a1b78a27578f13a17b -> 
========================================================================
Received Import Request.
  Time since last request: 1059.467499 seconds.
  path: Assets/Animations/Red_Slash_00002.png
  artifactKey: Guid(1cb1be2211bd7164d802c22cb716c021) Importer(815301076,1909f56bfc062723c751e8b465ee728b)
Start importing Assets/Animations/Red_Slash_00002.png using Guid(1cb1be2211bd7164d802c22cb716c021) Importer(815301076,1909f56bfc062723c751e8b465ee728b)  -> (artifact id: '8f435bc630db479fd56d86f391c04e5a') in 0.046983 seconds
Number of updated asset objects reloaded before import = 0
Number of asset objects unloaded after import = 2
========================================================================
Received Import Request.
  Time since last request: 0.000022 seconds.
  path: Assets/Animations/Red_Slash_00010.png
  artifactKey: Guid(65cdf659b1a2de34691224c9745299a4) Importer(815301076,1909f56bfc062723c751e8b465ee728b)
Start importing Assets/Animations/Red_Slash_00010.png using Guid(65cdf659b1a2de34691224c9745299a4) Importer(815301076,1909f56bfc062723c751e8b465ee728b)  -> (artifact id: 'cc8daa1c7d6bdc1750e9aff53bd083c3') in 0.015761 seconds
Number of updated asset objects reloaded before import = 0
Number of asset objects unloaded after import = 2
========================================================================
Received Import Request.
  Time since last request: 0.000019 seconds.
  path: Assets/Animations/Red_Slash_00003.png
  artifactKey: Guid(eaeb4e254eab73242aa84618340796c2) Importer(815301076,1909f56bfc062723c751e8b465ee728b)
Start importing Assets/Animations/Red_Slash_00003.png using Guid(eaeb4e254eab73242aa84618340796c2) Importer(815301076,1909f56bfc062723c751e8b465ee728b)  -> (artifact id: '258cac8ee9eb4fe078633b4ed41c81be') in 0.012778 seconds
Number of updated asset objects reloaded before import = 0
Number of asset objects unloaded after import = 2
========================================================================
Received Import Request.
  Time since last request: 0.000011 seconds.
  path: Assets/Animations/Red_Slash_00004.png
  artifactKey: Guid(573cddc05424bbf4aa4ee5dfeed81be2) Importer(815301076,1909f56bfc062723c751e8b465ee728b)
Start importing Assets/Animations/Red_Slash_00004.png using Guid(573cddc05424bbf4aa4ee5dfeed81be2) Importer(815301076,1909f56bfc062723c751e8b465ee728b)  -> (artifact id: 'b4b49431054867647364ba9cb759b274') in 0.009890 seconds
Number of updated asset objects reloaded before import = 0
Number of asset objects unloaded after import = 2
========================================================================
Received Import Request.
  Time since last request: 0.000041 seconds.
  path: Assets/Animations/Red_Slash_00009.png
  artifactKey: Guid(c71926fd7ff85e84ab0969fbffa5a6a0) Importer(815301076,1909f56bfc062723c751e8b465ee728b)
Start importing Assets/Animations/Red_Slash_00009.png using Guid(c71926fd7ff85e84ab0969fbffa5a6a0) Importer(815301076,1909f56bfc062723c751e8b465ee728b)  -> (artifact id: '9bf5aac6d1432d8eee86af812770be50') in 0.014305 seconds
Number of updated asset objects reloaded before import = 0
Number of asset objects unloaded after import = 2
Editor requested this worker to shutdown with reason: Scaling down because of idle timeout
TcpMessagingSession - receive error
AssetImportWorkerClient::OnTransportError - code=2 error=End of file
AssetImportWorker is now disconnected from the server
Process exiting
Exiting without the bug reporter. Application will terminate with return code 0